{
  "RSpec": {
    "coverage": {
      "/Users/rrgayhart/sites/Projects/PhotoVoltron/app/controllers/array_areas_controller.rb": [
        1,
        null,
        1,
        1,
        null,
        null,
        1,
        0,
        0,
        0,
        0,
        0,
        0,
        null,
        null,
        null
      ],
      "/Users/rrgayhart/sites/Projects/PhotoVoltron/app/controllers/application_controller.rb": [
        1,
        null,
        null,
        1,
        null
      ],
      "/Users/rrgayhart/sites/Projects/PhotoVoltron/spec/controllers/static_pages_controller_spec.rb": [
        1,
        null,
        1,
        null,
        null
      ],
      "/Users/rrgayhart/sites/Projects/PhotoVoltron/app/controllers/static_pages_controller.rb": [
        1,
        null,
        1,
        null,
        null,
        null,
        null
      ],
      "/Users/rrgayhart/sites/Projects/PhotoVoltron/spec/helpers/static_pages_helper_spec.rb": [
        1,
        null,
        null,
        null,
        null,
        null,
        null,
        null,
        null,
        null,
        null,
        null,
        1,
        1,
        null
      ],
      "/Users/rrgayhart/sites/Projects/PhotoVoltron/spec/models/array_area_spec.rb": [
        1,
        null,
        1,
        1,
        1,
        1,
        null,
        null,
        1,
        1,
        1,
        null,
        null,
        1,
        1,
        1,
        1,
        1,
        null,
        null
      ],
      "/Users/rrgayhart/sites/Projects/PhotoVoltron/app/models/array_area.rb": [
        1,
        1,
        1,
        1,
        null,
        1,
        null,
        1,
        0,
        null,
        null,
        1,
        4,
        4,
        null,
        null,
        1,
        1,
        1,
        null,
        null,
        1,
        2,
        null,
        null,
        1,
        3,
        null,
        null,
        1,
        1,
        null,
        null,
        1,
        0,
        null,
        null,
        1,
        2,
        null,
        null,
        1,
        2,
        null,
        null,
        1,
        0,
        null,
        null,
        1,
        0,
        null,
        null,
        null
      ]
    },
    "timestamp": 1388512750
  }
}
